<?xml version="1.0" encoding="UTF-8"?>
<!-- Generated by org.testng.reporters.JUnitReportReporter -->
<testsuite hostname="LAPTOP-UIMBK70F" failures="0" tests="2" name="Academy.HomePage" time="13.063" errors="0" timestamp="2022-10-08T10:29:24 IST" skipped="0">
  <testcase classname="Academy.HomePage" name="basePageNavigation" time="11.005"/>
  <system-out/>
  <testcase classname="Academy.HomePage" name="basePageNavigation" time="2.058"/>
  <system-out/>
</testsuite> <!-- Academy.HomePage -->
